<?xml version="1.0" encoding="UTF-8"?>
<!-- Generated by org.testng.reporters.JUnitReportReporter -->
<testsuite skipped="0" hostname="hp-PC" name="tests.NewTest" tests="1" failures="0" timestamp="31 Aug 2018 17:36:53 GMT" time="109.230" errors="0">
  <testcase name="openMyBlog" time="109.230" classname="tests.NewTest"/>
</testsuite> <!-- tests.NewTest -->
