<?xml version="1.0" encoding="UTF-8"?>
<!-- Generated by org.testng.reporters.JUnitReportReporter -->
<testsuite skipped="0" hostname="hp-PC" name="com.main.test.homepagerepositorytest" tests="2" failures="0" timestamp="26 Sep 2018 16:49:52 GMT" time="134.592" errors="0">
  <testcase name="loginfn" time="93.101" classname="com.main.test.homepagerepositorytest"/>
  <testcase name="gettitle" time="41.491" classname="com.main.test.homepagerepositorytest"/>
</testsuite> <!-- com.main.test.homepagerepositorytest -->
