<?xml version="1.0" encoding="UTF-8"?>
<!-- Generated by org.testng.reporters.JUnitReportReporter -->
<testsuite skipped="0" hostname="hp-PC" name="com.selenium.test.test" tests="1" failures="0" timestamp="31 Aug 2018 17:50:43 GMT" time="20.008" errors="0">
  <testcase name="browser" time="20.008" classname="com.selenium.test.test"/>
</testsuite> <!-- com.selenium.test.test -->
