<?xml version="1.0" encoding="UTF-8"?>
<!-- Generated by org.testng.reporters.JUnitReportReporter -->
<testsuite skipped="0" hostname="hp-PC" name="com.selenium.test.test" tests="1" failures="0" timestamp="26 Sep 2018 18:29:36 GMT" time="88.304" errors="0">
  <testcase name="browser" time="88.304" classname="com.selenium.test.test"/>
</testsuite> <!-- com.selenium.test.test -->
